<?xml version="1.0" encoding="UTF-8"?>
<!-- Generated by org.testng.reporters.JUnitReportReporter -->
<testsuite hostname="DESKTOP-0M7CU9F" failures="0" tests="1" name="defaults.TC0001" time="3.086" errors="0" timestamp="2022-11-14T02:53:35 ICT" skipped="0">
  <testcase classname="defaults.TC0001" name="getApi" time="3.086"/>
  <system-out/>
</testsuite> <!-- defaults.TC0001 -->
